{"uuid":"df07b8e4-29c8-4afb-bcf0-f1f22e49cc0e","historyId":"8602eba713c5460bafb076f7a07cabae","testCaseId":"[engine:junit-jupiter]/[class:tests.ContacDeleteTests]/[method:CanDeleteAllContacts()]","testCaseName":"CanDeleteAllContacts()","fullName":"tests.ContacDeleteTests.CanDeleteAllContacts","labels":[{"name":"junit.platform.uniqueid","value":"[engine:junit-jupiter]/[class:tests.ContacDeleteTests]/[method:CanDeleteAllContacts()]"},{"name":"host","value":"WGD02RTI3837"},{"name":"thread","value":"13248@WGD02RTI3837.Test worker(1)"},{"name":"framework","value":"junit-platform"},{"name":"language","value":"java"},{"name":"package","value":"tests.ContacDeleteTests"},{"name":"testClass","value":"tests.ContacDeleteTests"},{"name":"testMethod","value":"CanDeleteAllContacts"},{"name":"suite","value":"tests.ContacDeleteTests"}],"links":[],"name":"CanDeleteAllContacts()","status":"broken","statusDetails":{"known":false,"muted":false,"flaky":false,"message":"Unable to locate element: *[name='user']\nFor documentation on this error, please visit: https://www.selenium.dev/documentation/webdriver/troubleshooting/errors#no-such-element-exception\nBuild info: version: '4.34.0', revision: '707dcb4246*'\nSystem info: os.name: 'Windows 10', os.arch: 'amd64', os.version: '10.0', java.version: '17.0.16'\nDriver info: org.openqa.selenium.firefox.FirefoxDriver\nCommand: [06c8aaeb-4bb9-43e6-a1b5-ddc79d9003d4, findElement {value=user, using=name}]\nCapabilities {acceptInsecureCerts: true, browserName: firefox, browserVersion: 137.0, moz:accessibilityChecks: false, moz:buildID: 20250327043313, moz:geckodriverVersion: 0.36.0, moz:headless: false, moz:platformVersion: 10.0, moz:processID: 26828, moz:profile: C:\\Users\\YULIYA~1.PER\\AppDa..., moz:shutdownTimeout: 60000, moz:webdriverClick: true, moz:windowless: false, pageLoadStrategy: normal, platformName: windows, proxy: Proxy(), setWindowRect: true, strictFileInteractability: false, timeouts: {implicit: 0, pageLoad: 300000, script: 30000}, unhandledPromptBehavior: dismiss and notify, userAgent: Mozilla/5.0 (Windows NT 10....}\nSession ID: 06c8aaeb-4bb9-43e6-a1b5-ddc79d9003d4","trace":"org.openqa.selenium.NoSuchElementException: Unable to locate element: *[name='user']\nFor documentation on this error, please visit: https://www.selenium.dev/documentation/webdriver/troubleshooting/errors#no-such-element-exception\nBuild info: version: '4.34.0', revision: '707dcb4246*'\nSystem info: os.name: 'Windows 10', os.arch: 'amd64', os.version: '10.0', java.version: '17.0.16'\nDriver info: org.openqa.selenium.firefox.FirefoxDriver\nCommand: [06c8aaeb-4bb9-43e6-a1b5-ddc79d9003d4, findElement {value=user, using=name}]\nCapabilities {acceptInsecureCerts: true, browserName: firefox, browserVersion: 137.0, moz:accessibilityChecks: false, moz:buildID: 20250327043313, moz:geckodriverVersion: 0.36.0, moz:headless: false, moz:platformVersion: 10.0, moz:processID: 26828, moz:profile: C:\\Users\\YULIYA~1.PER\\AppDa..., moz:shutdownTimeout: 60000, moz:webdriverClick: true, moz:windowless: false, pageLoadStrategy: normal, platformName: windows, proxy: Proxy(), setWindowRect: true, strictFileInteractability: false, timeouts: {implicit: 0, pageLoad: 300000, script: 30000}, unhandledPromptBehavior: dismiss and notify, userAgent: Mozilla/5.0 (Windows NT 10....}\nSession ID: 06c8aaeb-4bb9-43e6-a1b5-ddc79d9003d4\r\n\tat java.base/java.lang.reflect.Constructor.newInstanceWithCaller(Constructor.java:500)\r\n\tat java.base/java.lang.reflect.Constructor.newInstance(Constructor.java:481)\r\n\tat org.openqa.selenium.remote.ErrorCodec.decode(ErrorCodec.java:167)\r\n\tat org.openqa.selenium.remote.codec.w3c.W3CHttpResponseCodec.decode(W3CHttpResponseCodec.java:138)\r\n\tat org.openqa.selenium.remote.codec.w3c.W3CHttpResponseCodec.decode(W3CHttpResponseCodec.java:50)\r\n\tat org.openqa.selenium.remote.HttpCommandExecutor.execute(HttpCommandExecutor.java:215)\r\n\tat org.openqa.selenium.remote.service.DriverCommandExecutor.invokeExecute(DriverCommandExecutor.java:216)\r\n\tat org.openqa.selenium.remote.service.DriverCommandExecutor.execute(DriverCommandExecutor.java:174)\r\n\tat org.openqa.selenium.remote.RemoteWebDriver.execute(RemoteWebDriver.java:544)\r\n\tat org.openqa.selenium.remote.ElementLocation$ElementFinder$2.findElement(ElementLocation.java:165)\r\n\tat org.openqa.selenium.remote.ElementLocation.findElement(ElementLocation.java:66)\r\n\tat org.openqa.selenium.remote.RemoteWebDriver.findElement(RemoteWebDriver.java:367)\r\n\tat org.openqa.selenium.remote.RemoteWebDriver.findElement(RemoteWebDriver.java:361)\r\n\tat manager.HelperBase.click(HelperBase.java:15)\r\n\tat manager.HelperBase.type(HelperBase.java:19)\r\n\tat manager.LoginHelper.login(LoginHelper.java:11)\r\n\tat manager.ApplicationManager.init(ApplicationManager.java:35)\r\n\tat tests.TestBase.setUp(TestBase.java:22)\r\n\tat java.base/java.lang.reflect.Method.invoke(Method.java:569)\r\n\tat java.base/java.util.ArrayList.forEach(ArrayList.java:1511)\r\n\tat java.base/java.util.ArrayList.forEach(ArrayList.java:1511)\r\n\tSuppressed: java.lang.RuntimeException: java.sql.SQLSyntaxErrorException: Unknown database 'addressbook'\r\n\t\tat manager.JdbcHelper.checkConsistancy(JdbcHelper.java:84)\r\n\t\tat tests.TestBase.checkDatabaseConsistancy(TestBase.java:29)\r\n\t\t... 3 more\r\n\tCaused by: java.sql.SQLSyntaxErrorException: Unknown database 'addressbook'\r\n\t\tat com.mysql.cj.jdbc.exceptions.SQLError.createSQLException(SQLError.java:112)\r\n\t\tat com.mysql.cj.jdbc.exceptions.SQLExceptionsMapping.translateException(SQLExceptionsMapping.java:114)\r\n\t\tat com.mysql.cj.jdbc.ConnectionImpl.createNewIO(ConnectionImpl.java:839)\r\n\t\tat com.mysql.cj.jdbc.ConnectionImpl.<init>(ConnectionImpl.java:415)\r\n\t\tat com.mysql.cj.jdbc.ConnectionImpl.getInstance(ConnectionImpl.java:237)\r\n\t\tat com.mysql.cj.jdbc.NonRegisteringDriver.connect(NonRegisteringDriver.java:180)\r\n\t\tat java.sql/java.sql.DriverManager.getConnection(DriverManager.java:681)\r\n\t\tat java.sql/java.sql.DriverManager.getConnection(DriverManager.java:229)\r\n\t\tat manager.JdbcHelper.checkConsistancy(JdbcHelper.java:74)\r\n\t\t... 4 more\r\n"},"stage":"finished","description":"","steps":[],"attachments":[],"parameters":[],"start":1758547183052,"stop":1758547187812}